mode: set
github.com/sorrawichYooboon/protocol-golang/internal/usecase/movie_usecase.go:14.68,16.2 1 1
github.com/sorrawichYooboon/protocol-golang/internal/usecase/movie_usecase.go:18.67,20.2 1 0
github.com/sorrawichYooboon/protocol-golang/internal/usecase/movie_usecase.go:22.74,24.16 2 1
github.com/sorrawichYooboon/protocol-golang/internal/usecase/movie_usecase.go:24.16,26.3 1 1
github.com/sorrawichYooboon/protocol-golang/internal/usecase/movie_usecase.go:27.2,27.18 1 1
github.com/sorrawichYooboon/protocol-golang/internal/usecase/movie_usecase.go:27.18,29.3 1 1
github.com/sorrawichYooboon/protocol-golang/internal/usecase/movie_usecase.go:30.2,30.19 1 1
